21-03-2024 12:41:02 - INFO: Server is running on http://localhost:5000
21-03-2024 12:41:09 - INFO: Server is running on http://localhost:5000
21-03-2024 12:41:13 - INFO: Server is running on http://localhost:5000
21-03-2024 12:41:54 - INFO: Server is running on http://localhost:5000
21-03-2024 12:42:56 - INFO: Login attempt for user with email user10@gmail.com.
21-03-2024 12:43:16 - INFO: Server is running on http://localhost:5000
21-03-2024 12:46:21 - INFO: {
  current_coordinates: { type: 'Point', coordinates: [ 0, 0 ] },
  _id: new ObjectId('65b0fc5d1af4768528eea438'),
  username: 'user10',
  password: '$2a$10$uwOBhmiH0tfHtPuhRxEvt.HPST8XXh.d5QQPD.v4AgNS0JSlRLvSS',
  email: 'user10@gmail.com',
  groups: [
    new ObjectId('65d889d8c3bc755662ea449d'),
    new ObjectId('65d88a64c3bc755662ea44bc'),
    new ObjectId('65d9ac57858ffdf8fc9a0855'),
    new ObjectId('65dde42cb40e78334658c69d'),
    new ObjectId('65e1a6273bdf802004b5fe8c')
  ],
  karma: 0,
  cities: [],
  __v: 0
} retrieved their groups.
